[    0.000000] Linux version 4.15.0-36-generic (buildd@lgw01-amd64-031) (gcc version 7.3.0 (Ubuntu 7.3.0-16ubuntu3)) #39-Ubuntu SMP Mon Sep 24 16:19:09 UTC 2018 (Ubuntu 4.15.0-36.39-generic 4.15.18)
[    0.000000] Command line: BOOT_IMAGE=/boot/vmlinuz-4.15.0-36-generic root=LABEL=cloudimg-rootfs ro console=tty1 console=ttyS0
[    0.000000] KERNEL supported cpus:
[    0.000000]   Intel GenuineIntel
[    0.000000]   AMD AuthenticAMD
[    0.000000]   Centaur CentaurHauls
[    0.000000] x86/fpu: Supporting XSAVE feature 0x001: 'x87 floating point registers'
[    0.000000] x86/fpu: Supporting XSAVE feature 0x002: 'SSE registers'
[    0.000000] x86/fpu: Supporting XSAVE feature 0x004: 'AVX registers'
[    0.000000] x86/fpu: xstate_offset[2]:  576, xstate_sizes[2]:  256
[    0.000000] x86/fpu: Enabled xstate features 0x7, context size is 832 bytes, using 'standard' format.
[    0.000000] e820: BIOS-provided physical RAM map:
[    0.000000] BIOS-e820: [mem 0x0000000000000000-0x000000000009fbff] usable
[    0.000000] BIOS-e820: [mem 0x000000000009fc00-0x000000000009ffff] reserved
[    0.000000] BIOS-e820: [mem 0x00000000000f0000-0x00000000000fffff] reserved
[    0.000000] BIOS-e820: [mem 0x0000000000100000-0x000000000ffeffff] usable
[    0.000000] BIOS-e820: [mem 0x000000000fff0000-0x000000000fffffff] ACPI data
[    0.000000] BIOS-e820: [mem 0x00000000fec00000-0x00000000fec00fff] reserved
[    0.000000] BIOS-e820: [mem 0x00000000fee00000-0x00000000fee00fff] reserved
[    0.000000] BIOS-e820: [mem 0x00000000fffc0000-0x00000000ffffffff] reserved
[    0.000000] NX (Execute Disable) protection: active
[    0.000000] SMBIOS 2.5 present.
[    0.000000] DMI: innotek GmbH VirtualBox/VirtualBox, BIOS VirtualBox 12/01/2006
[    0.000000] Hypervisor detected: KVM
[    0.000000] e820: last_pfn = 0xfff0 max_arch_pfn = 0x400000000
[    0.000000] MTRR: Disabled
[    0.000000] x86/PAT: MTRRs disabled, skipping PAT initialization too.
[    0.000000] CPU MTRRs all blank - virtualized system.
[    0.000000] x86/PAT: Configuration [0-7]: WB  WT  UC- UC  WB  WT  UC- UC  
[    0.000000] found SMP MP-table at [mem 0x0009fff0-0x0009ffff] mapped at [        (ptrval)]
[    0.000000] Scanning 1 areas for low memory corruption
[    0.000000] RAMDISK: [mem 0x0dbe5000-0x0ee6afff]
[    0.000000] ACPI: Early table checksum verification disabled
[    0.000000] ACPI: RSDP 0x00000000000E0000 000024 (v02 VBOX  )
[    0.000000] ACPI: XSDT 0x000000000FFF0030 00003C (v01 VBOX   VBOXXSDT 00000001 ASL  00000061)
[    0.000000] ACPI: FACP 0x000000000FFF00F0 0000F4 (v04 VBOX   VBOXFACP 00000001 ASL  00000061)
[    0.000000] ACPI: DSDT 0x000000000FFF0470 0021FF (v02 VBOX   VBOXBIOS 00000002 INTL 20100528)
[    0.000000] ACPI: FACS 0x000000000FFF0200 000040
[    0.000000] ACPI: FACS 0x000000000FFF0200 000040
[    0.000000] ACPI: APIC 0x000000000FFF0240 000054 (v02 VBOX   VBOXAPIC 00000001 ASL  00000061)
[    0.000000] ACPI: SSDT 0x000000000FFF02A0 0001CC (v01 VBOX   VBOXCPUT 00000002 INTL 20100528)
[    0.000000] No NUMA configuration found
[    0.000000] Faking a node at [mem 0x0000000000000000-0x000000000ffeffff]
[    0.000000] NODE_DATA(0) allocated [mem 0x0ffc5000-0x0ffeffff]
[    0.000000] kvm-clock: cpu 0, msr 0:ff44001, primary cpu clock
[    0.000000] kvm-clock: Using msrs 4b564d01 and 4b564d00
[    0.000000] kvm-clock: using sched offset of 3983952307 cycles
[    0.000000] clocksource: kvm-clock: mask: 0xffffffffffffffff max_cycles: 0x1cd42e4dffb, max_idle_ns: 881590591483 ns
[    0.000000] Zone ranges:
[    0.000000]   DMA      [mem 0x0000000000001000-0x0000000000ffffff]
[    0.000000]   DMA32    [mem 0x0000000001000000-0x000000000ffeffff]
[    0.000000]   Normal   empty
[    0.000000]   Device   empty
[    0.000000] Movable zone start for each node
[    0.000000] Early memory node ranges
[    0.000000]   node   0: [mem 0x0000000000001000-0x000000000009efff]
[    0.000000]   node   0: [mem 0x0000000000100000-0x000000000ffeffff]
[    0.000000] Initmem setup node 0 [mem 0x0000000000001000-0x000000000ffeffff]
[    0.000000] Reserved but unavailable: 98 pages
[    0.000000] ACPI: PM-Timer IO Port: 0x4008
[    0.000000] IOAPIC[0]: apic_id 1, version 32, address 0xfec00000, GSI 0-23
[    0.000000] ACPI: INT_SRC_OVR (bus 0 bus_irq 0 global_irq 2 dfl dfl)
[    0.000000] ACPI: INT_SRC_OVR (bus 0 bus_irq 9 global_irq 9 low level)
[    0.000000] Using ACPI (MADT) for SMP configuration information
[    0.000000] smpboot: Allowing 1 CPUs, 0 hotplug CPUs
[    0.000000] PM: Registered nosave memory: [mem 0x00000000-0x00000fff]
[    0.000000] PM: Registered nosave memory: [mem 0x0009f000-0x0009ffff]
[    0.000000] PM: Registered nosave memory: [mem 0x000a0000-0x000effff]
[    0.000000] PM: Registered nosave memory: [mem 0x000f0000-0x000fffff]
[    0.000000] e820: [mem 0x10000000-0xfebfffff] available for PCI devices
[    0.000000] Booting paravirtualized kernel on KVM
[    0.000000] clocksource: refined-jiffies: mask: 0xffffffff max_cycles: 0xffffffff, max_idle_ns: 7645519600211568 ns
[    0.000000] random: get_random_bytes called from start_kernel+0x99/0x4fd with crng_init=0
[    0.000000] setup_percpu: NR_CPUS:8192 nr_cpumask_bits:1 nr_cpu_ids:1 nr_node_ids:1
[    0.000000] percpu: Embedded 46 pages/cpu @        (ptrval) s151552 r8192 d28672 u2097152
[    0.000000] PV qspinlock hash table entries: 256 (order: 0, 4096 bytes)
[    0.000000] Built 1 zonelists, mobility grouping on.  Total pages: 64377
[    0.000000] Policy zone: DMA32
[    0.000000] Kernel command line: BOOT_IMAGE=/boot/vmlinuz-4.15.0-36-generic root=LABEL=cloudimg-rootfs ro console=tty1 console=ttyS0
[    0.000000] Memory: 209656K/261688K available (12300K kernel code, 2472K rwdata, 4248K rodata, 2408K init, 2416K bss, 52032K reserved, 0K cma-reserved)
[    0.000000] SLUB: HWalign=64, Order=0-3, MinObjects=0, CPUs=1, Nodes=1
[    0.000000] Kernel/User page tables isolation: enabled
[    0.000000] ftrace: allocating 39168 entries in 154 pages
[    0.004000] Hierarchical RCU implementation.
[    0.004000] 	RCU restricting CPUs from NR_CPUS=8192 to nr_cpu_ids=1.
[    0.004000] 	Tasks RCU enabled.
[    0.004000] RCU: Adjusting geometry for rcu_fanout_leaf=16, nr_cpu_ids=1
[    0.004000] NR_IRQS: 524544, nr_irqs: 256, preallocated irqs: 16
[    0.004000] Console: colour VGA+ 80x25
[    0.004000] console [tty1] enabled
[    0.004000] console [ttyS0] enabled
[    0.004000] ACPI: Core revision 20170831
[    0.004000] ACPI: 2 ACPI AML tables successfully acquired and loaded
[    0.004000] APIC: Switch to symmetric I/O mode setup
[    0.004370] x2apic enabled
[    0.008009] Switched APIC routing to physical x2apic.
[    0.016200] ..TIMER: vector=0x30 apic1=0 pin1=2 apic2=-1 pin2=-1
[    0.020013] tsc: Detected 2194.918 MHz processor
[    0.024014] Calibrating delay loop (skipped) preset value.. 4389.83 BogoMIPS (lpj=8779672)
[    0.028009] pid_max: default: 32768 minimum: 301
[    0.032044] Security Framework initialized
[    0.036010] Yama: becoming mindful.
[    0.037295] AppArmor: AppArmor initialized
[    0.038850] Dentry cache hash table entries: 32768 (order: 6, 262144 bytes)
[    0.040039] Inode-cache hash table entries: 16384 (order: 5, 131072 bytes)
[    0.044031] Mount-cache hash table entries: 512 (order: 0, 4096 bytes)
[    0.048017] Mountpoint-cache hash table entries: 512 (order: 0, 4096 bytes)
[    0.052268] mce: CPU supports 0 MCE banks
[    0.056015] process: using mwait in idle threads
[    0.060012] Last level iTLB entries: 4KB 1024, 2MB 1024, 4MB 1024
[    0.064007] Last level dTLB entries: 4KB 1024, 2MB 1024, 4MB 1024, 1GB 4
[    0.068009] Spectre V2 : Mitigation: Full generic retpoline
[    0.072006] Spectre V2 : Spectre v2 / SpectreRSB mitigation: Filling RSB on context switch
[    0.076007] Speculative Store Bypass: Vulnerable
[    0.095117] Freeing SMP alternatives memory: 36K
[    0.100000] smpboot: CPU0: Intel(R) Core(TM) i7-4770HQ CPU @ 2.20GHz (family: 0x6, model: 0x46, stepping: 0x1)
[    0.104154] Performance Events: unsupported p6 CPU model 70 no PMU driver, software events only.
[    0.108059] Hierarchical SRCU implementation.
[    0.112643] NMI watchdog: Perf event create on CPU 0 failed with -2
[    0.116007] NMI watchdog: Perf NMI watchdog permanently disabled
[    0.120073] smp: Bringing up secondary CPUs ...
[    0.124007] smp: Brought up 1 node, 1 CPU
[    0.125217] smpboot: Max logical packages: 1
[    0.128004] smpboot: Total of 1 processors activated (4389.83 BogoMIPS)
[    0.132156] devtmpfs: initialized
[    0.136145] x86/mm: Memory block size: 128MB
[    0.140139] evm: security.selinux
[    0.144012] evm: security.SMACK64
[    0.148003] evm: security.SMACK64EXEC
[    0.152010] evm: security.SMACK64TRANSMUTE
[    0.156009] evm: security.SMACK64MMAP
[    0.160008] evm: security.apparmor
[    0.164009] evm: security.ima
[    0.168009] evm: security.capability
[    0.172157] clocksource: jiffies: mask: 0xffffffff max_cycles: 0xffffffff, max_idle_ns: 7645041785100000 ns
[    0.176028] futex hash table entries: 256 (order: 2, 16384 bytes)
[    0.180078] pinctrl core: initialized pinctrl subsystem
[    0.184131] RTC time: 18:19:57, date: 11/25/18
[    0.186009] NET: Registered protocol family 16
[    0.188108] audit: initializing netlink subsys (disabled)
[    0.196295] cpuidle: using governor ladder
[    0.197714] cpuidle: using governor menu
[    0.199228] ACPI: bus type PCI registered
[    0.200009] acpiphp: ACPI Hot Plug PCI Controller Driver version: 0.5
[    0.203390] audit: type=2000 audit(1543170001.671:1): state=initialized audit_enabled=0 res=1
[    0.208022] PCI: Using configuration type 1 for base access
[    0.213023] HugeTLB registered 2.00 MiB page size, pre-allocated 0 pages
[    0.216233] ACPI: Added _OSI(Module Device)
[    0.220009] ACPI: Added _OSI(Processor Device)
[    0.224010] ACPI: Added _OSI(3.0 _SCP Extensions)
[    0.228009] ACPI: Added _OSI(Processor Aggregator Device)
[    0.232029] ACPI: Added _OSI(Linux-Dell-Video)
[    0.236033] ACPI: Added _OSI(Linux-Lenovo-NV-HDMI-Audio)
[    0.240406] ACPI: Executed 1 blocks of module-level executable AML code
[    0.249432] ACPI: Interpreter enabled
[    0.252034] ACPI: (supports S0 S5)
[    0.256008] ACPI: Using IOAPIC for interrupt routing
[    0.260467] PCI: Using host bridge windows from ACPI; if necessary, use "pci=nocrs" and report a bug
[    0.264245] ACPI: Enabled 2 GPEs in block 00 to 07
[    0.274698] ACPI: PCI Root Bridge [PCI0] (domain 0000 [bus 00-ff])
[    0.276012] acpi PNP0A03:00: _OSC: OS supports [ASPM ClockPM Segments MSI]
[    0.277917] acpi PNP0A03:00: _OSC: not requesting OS control; OS requires [ExtendedConfig ASPM ClockPM MSI]
[    0.280020] acpi PNP0A03:00: fail to add MMCONFIG information, can't access extended PCI configuration space under this bridge.
[    0.284522] PCI host bridge to bus 0000:00
[    0.288006] pci_bus 0000:00: root bus resource [io  0x0000-0x0cf7 window]
[    0.290861] pci_bus 0000:00: root bus resource [io  0x0d00-0xffff window]
[    0.292011] pci_bus 0000:00: root bus resource [mem 0x000a0000-0x000bffff window]
[    0.294344] pci_bus 0000:00: root bus resource [mem 0x10000000-0xfdffffff window]
[    0.296016] pci_bus 0000:00: root bus resource [bus 00-ff]
[    0.304596] pci 0000:00:01.1: legacy IDE quirk: reg 0x10: [io  0x01f0-0x01f7]
[    0.306623] pci 0000:00:01.1: legacy IDE quirk: reg 0x14: [io  0x03f6]
[    0.308005] pci 0000:00:01.1: legacy IDE quirk: reg 0x18: [io  0x0170-0x0177]
[    0.312004] pci 0000:00:01.1: legacy IDE quirk: reg 0x1c: [io  0x0376]
[    0.325742] pci 0000:00:07.0: quirk: [io  0x4000-0x403f] claimed by PIIX4 ACPI
[    0.328023] pci 0000:00:07.0: quirk: [io  0x4100-0x410f] claimed by PIIX4 SMB
[    0.338221] ACPI: PCI Interrupt Link [LNKA] (IRQs 5 9 10 *11)
[    0.340023] ACPI: PCI Interrupt Link [LNKB] (IRQs 5 9 *10 11)
[    0.344356] ACPI: PCI Interrupt Link [LNKC] (IRQs 5 *9 10 11)
[    0.348198] ACPI: PCI Interrupt Link [LNKD] (IRQs 5 9 10 *11)
[    0.352519] SCSI subsystem initialized
[    0.356200] pci 0000:00:02.0: vgaarb: setting as boot VGA device
[    0.360000] pci 0000:00:02.0: vgaarb: VGA device added: decodes=io+mem,owns=io+mem,locks=none
[    0.360013] pci 0000:00:02.0: vgaarb: bridge control possible
[    0.364009] vgaarb: loaded
[    0.368093] ACPI: bus type USB registered
[    0.370325] usbcore: registered new interface driver usbfs
[    0.371504] usbcore: registered new interface driver hub
[    0.372020] usbcore: registered new device driver usb
[    0.373280] EDAC MC: Ver: 3.0.0
[    0.376399] PCI: Using ACPI for IRQ routing
[    0.377859] NetLabel: Initializing
[    0.380006] NetLabel:  domain hash size = 128
[    0.384008] NetLabel:  protocols = UNLABELED CIPSOv4 CALIPSO
[    0.388049] NetLabel:  unlabeled traffic allowed by default
[    0.392164] clocksource: Switched to clocksource kvm-clock
[    0.441855] VFS: Disk quotas dquot_6.6.0
[    0.462573] VFS: Dquot-cache hash table entries: 512 (order 0, 4096 bytes)
[    0.515497] AppArmor: AppArmor Filesystem Enabled
[    0.530767] pnp: PnP ACPI init
[    0.543818] pnp: PnP ACPI: found 3 devices
[    0.565032] clocksource: acpi_pm: mask: 0xffffff max_cycles: 0xffffff, max_idle_ns: 2085701024 ns
[    0.579233] NET: Registered protocol family 2
[    0.595049] TCP established hash table entries: 2048 (order: 2, 16384 bytes)
[    0.629415] TCP bind hash table entries: 2048 (order: 3, 32768 bytes)
[    0.645929] TCP: Hash tables configured (established 2048 bind 2048)
[    0.648060] UDP hash table entries: 256 (order: 1, 8192 bytes)
[    0.664657] UDP-Lite hash table entries: 256 (order: 1, 8192 bytes)
[    0.702946] NET: Registered protocol family 1
[    0.715354] pci 0000:00:00.0: Limiting direct PCI/PCI transfers
[    0.725252] pci 0000:00:01.0: Activating ISA DMA hang workarounds
[    0.737372] pci 0000:00:02.0: Video device with shadowed ROM at [mem 0x000c0000-0x000dffff]
[    0.765750] Unpacking initramfs...
[    1.055645] Freeing initrd memory: 18968K
[    1.062341] platform rtc_cmos: registered platform RTC device (no PNP device found)
[    1.105309] Scanning for low memory corruption every 60 seconds
[    1.122629] Initialise system trusted keyrings
[    1.141861] Key type blacklist registered
[    1.171809] workingset: timestamp_bits=36 max_order=16 bucket_order=0
[    1.213649] zbud: loaded
[    1.234977] squashfs: version 4.0 (2009/01/31) Phillip Lougher
[    1.252090] fuse init (API version 7.26)
[    1.257268] Key type asymmetric registered
[    1.261544] Asymmetric key parser 'x509' registered
[    1.271320] Block layer SCSI generic (bsg) driver version 0.4 loaded (major 246)
[    1.279325] io scheduler noop registered
[    1.280488] io scheduler deadline registered
[    1.281779] io scheduler cfq registered (default)
[    1.283541] ACPI: AC Adapter [AC] (on-line)
[    1.284821] input: Power Button as /devices/LNXSYSTM:00/LNXPWRBN:00/input/input0
[    1.288397] ACPI: Power Button [PWRF]
[    1.289529] input: Sleep Button as /devices/LNXSYSTM:00/LNXSLPBN:00/input/input1
[    1.291771] ACPI: Sleep Button [SLPF]
[    1.295115] ACPI: Battery Slot [BAT0] (battery present)
[    1.296651] Serial: 8250/16550 driver, 32 ports, IRQ sharing enabled
[    1.323336] 00:02: ttyS0 at I/O 0x3f8 (irq = 4, base_baud = 115200) is a 16550A
[    1.329625] Linux agpgart interface v0.103
[    1.333902] loop: module loaded
[    1.336583] scsi host0: ata_piix
[    1.337583] scsi host1: ata_piix
[    1.338501] ata1: PATA max UDMA/33 cmd 0x1f0 ctl 0x3f6 bmdma 0xd000 irq 14
[    1.342596] ata2: PATA max UDMA/33 cmd 0x170 ctl 0x376 bmdma 0xd008 irq 15
[    1.345160] libphy: Fixed MDIO Bus: probed
[    1.352681] tun: Universal TUN/TAP device driver, 1.6
[    1.357002] PPP generic driver version 2.4.2
[    1.359619] ehci_hcd: USB 2.0 'Enhanced' Host Controller (EHCI) Driver
[    1.362883] ehci-pci: EHCI PCI platform driver
[    1.364149] ehci-platform: EHCI generic platform driver
[    1.365826] ohci_hcd: USB 1.1 'Open' Host Controller (OHCI) Driver
[    1.368341] ohci-pci: OHCI PCI platform driver
[    1.370130] ohci-platform: OHCI generic platform driver
[    1.371449] uhci_hcd: USB Universal Host Controller Interface driver
[    1.373217] i8042: PNP: PS/2 Controller [PNP0303:PS2K,PNP0f03:PS2M] at 0x60,0x64 irq 1,12
[    1.375485] serio: i8042 KBD port at 0x60,0x64 irq 1
[    1.391971] serio: i8042 AUX port at 0x60,0x64 irq 12
[    1.403463] mousedev: PS/2 mouse device common for all mice
[    1.424722] input: AT Translated Set 2 keyboard as /devices/platform/i8042/serio0/input/input2
[    1.463086] rtc_cmos rtc_cmos: rtc core: registered rtc_cmos as rtc0
[    1.494890] rtc_cmos rtc_cmos: alarms up to one day, 114 bytes nvram
[    1.518403] i2c /dev entries driver
[    1.529519] pcie_mp2_amd: AMD(R) PCI-E MP2 Communication Driver Version: 1.0
[    1.562074] device-mapper: uevent: version 1.0.3
[    1.582792] device-mapper: ioctl: 4.37.0-ioctl (2017-09-20) initialised: dm-devel@redhat.com
[    1.596472] ledtrig-cpu: registered to indicate activity on CPUs
[    1.631977] NET: Registered protocol family 10
[    1.657767] Segment Routing with IPv6
[    1.661194] NET: Registered protocol family 17
[    1.682632] Key type dns_resolver registered
[    1.709402] RAS: Correctable Errors collector initialized.
[    1.721059] sched_clock: Marking stable (1721008321, 0)->(3459010051, -1738001730)
[    1.726999] registered taskstats version 1
[    1.730249] Loading compiled-in X.509 certificates
[    1.743193] Loaded X.509 cert 'Build time autogenerated kernel key: fcd93cd0852f7ae1da10896371e06e3c19479c00'
[    1.766304] zswap: loaded using pool lzo/zbud
[    1.771628] Key type big_key registered
[    1.786795] Key type trusted registered
[    1.797568] Key type encrypted registered
[    1.810399] AppArmor: AppArmor sha1 policy hashing enabled
[    1.825382] ima: No TPM chip found, activating TPM-bypass! (rc=-19)
[    1.854923] ima: Allocated hash algorithm: sha1
[    1.856479] evm: HMAC attrs: 0x1
[    1.865360]   Magic number: 10:92:343
[    1.868973] tty tty60: hash matches
[    1.881270] rtc_cmos rtc_cmos: setting system clock to 2018-11-25 18:19:59 UTC (1543169999)
[    1.894298] BIOS EDD facility v0.16 2004-Jun-25, 0 devices found
[    1.895950] EDD information not available.
[    1.919833] Freeing unused kernel memory: 2408K
[    1.944263] Write protecting the kernel read-only data: 20480k
[    1.954561] Freeing unused kernel memory: 2008K
[    1.963976] Freeing unused kernel memory: 1896K
[    1.976672] x86/mm: Checked W+X mappings: passed, no W+X pages found.
[    1.978449] x86/mm: Checking user space page tables
[    1.995826] x86/mm: Checked W+X mappings: passed, no W+X pages found.
Loading, please wait...
starting version 237
[    2.080555] tsc: Refined TSC clocksource calibration: 2195.355 MHz
[    2.110065] clocksource: tsc: mask: 0xffffffffffffffff max_cycles: 0x1fa50eda4cc, max_idle_ns: 440795287369 ns
[    2.161630] e1000: Intel(R) PRO/1000 Network Driver - version 7.3.21-k8-NAPI
[    2.170178] e1000: Copyright (c) 1999-2006 Intel Corporation.
[    2.198628] Fusion MPT base driver 3.04.20
[    2.203654] Copyright (c) 1999-2008 LSI Corporation
[    2.249852] AVX2 version of gcm_enc/dec engaged.
[    2.255744] AES CTR mode by8 optimization enabled
[    2.273796] Fusion MPT SPI Host driver 3.04.20
[    2.292438] mptbase: ioc0: Initiating bringup
[    2.408429] ioc0: LSI53C1030 A0: Capabilities={Initiator}
[    2.432383] input: ImExPS/2 Generic Explorer Mouse as /devices/platform/i8042/serio1/input/input4
[    2.686285] scsi host2: ioc0: LSI53C1030 A0, FwRev=00000000h, Ports=1, MaxQ=256, IRQ=20
[    2.861619] scsi 2:0:0:0: Direct-Access     VBOX     HARDDISK         1.0  PQ: 0 ANSI: 5
[    2.879572] scsi target2:0:0: Beginning Domain Validation
[    2.892073] random: fast init done
[    2.894854] scsi target2:0:0: Domain Validation skipping write tests
[    2.899966] scsi target2:0:0: Ending Domain Validation
[    2.903188] scsi target2:0:0: asynchronous
[    2.912078] scsi 2:0:1:0: Direct-Access     VBOX     HARDDISK         1.0  PQ: 0 ANSI: 5
[    2.936251] scsi target2:0:1: Beginning Domain Validation
[    3.007004] scsi target2:0:1: Domain Validation skipping write tests
[    3.009577] scsi target2:0:1: Ending Domain Validation
[    3.016859] scsi target2:0:1: asynchronous
[    3.105637] sd 2:0:0:0: Attached scsi generic sg0 type 0
[    3.124337] sd 2:0:0:0: [sda] 20971520 512-byte logical blocks: (10.7 GB/10.0 GiB)
[    3.144912] random: systemd-udevd: uninitialized urandom read (16 bytes read)
[    3.153280] random: systemd-udevd: uninitialized urandom read (16 bytes read)
[    3.169360] sd 2:0:1:0: Attached scsi generic sg1 type 0
[    3.176749] sd 2:0:1:0: [sdb] 20480 512-byte logical blocks: (10.5 MB/10.0 MiB)
[    3.209771] sd 2:0:0:0: [sda] Write Protect is off
[    3.260239] random: systemd-udevd: uninitialized urandom read (16 bytes read)
[    3.280201] sd 2:0:1:0: [sdb] Write Protect is off
[    3.282024] sd 2:0:0:0: [sda] Incomplete mode parameter data
[    3.289828] sd 2:0:0:0: [sda] Assuming drive cache: write through
[    3.316765] sd 2:0:1:0: [sdb] Incomplete mode parameter data
[    3.325935] sd 2:0:1:0: [sdb] Assuming drive cache: write through
[    3.378596]  sda: sda1
[    3.407282] sd 2:0:1:0: [sdb] Attached SCSI disk
[    3.438119] sd 2:0:0:0: [sda] Attached SCSI disk
[    3.607340] e1000 0000:00:03.0 eth0: (PCI:33MHz:32-bit) 02:7c:eb:a0:02:29
[    3.617888] e1000 0000:00:03.0 eth0: Intel(R) PRO/1000 Network Connection
[    4.055028] e1000 0000:00:08.0 eth1: (PCI:33MHz:32-bit) 08:00:27:d2:23:60
[    4.064455] e1000 0000:00:08.0 eth1: Intel(R) PRO/1000 Network Connection
[    4.075894] e1000 0000:00:08.0 enp0s8: renamed from eth1
[    4.101712] e1000 0000:00:03.0 enp0s3: renamed from eth0
Begin: Loading essential drivers ... [    5.548040] raid6: sse2x1   gen()  9766 MB/s
[    5.604143] raid6: sse2x1   xor()  6839 MB/s
[    5.660050] raid6: sse2x2   gen() 11773 MB/s
[    5.720078] raid6: sse2x2   xor()  7828 MB/s
[    5.770465] raid6: sse2x4   gen() 14960 MB/s
[    5.849932] raid6: sse2x4   xor()  8934 MB/s
[    5.908426] raid6: avx2x1   gen() 18709 MB/s
[    5.972089] raid6: avx2x1   xor() 12535 MB/s
[    6.020211] raid6: avx2x2   gen() 21373 MB/s
[    6.080498] raid6: avx2x2   xor() 14699 MB/s
[    6.157842] raid6: avx2x4   gen() 27073 MB/s
[    6.230154] raid6: avx2x4   xor() 17141 MB/s
[    6.242944] raid6: using algorithm avx2x4 gen() 27073 MB/s
[    6.247044] raid6: .... xor() 17141 MB/s, rmw enabled
[    6.271518] raid6: using avx2x2 recovery algorithm
[    6.303282] xor: automatically using best checksumming function   avx       
[    6.328146] async_tx: api initialized (async)
done.
Begin: Running /scripts/init-premount ... done.
Begin: Mounting root file system ... Begin: Running /scripts/local-top ... done.
Begin: Running /scripts/local-premount ... [    6.407048] Btrfs loaded, crc32c=crc32c-intel
Scanning for Btrfs filesystems
done.
Warning: fsck not present, so skipping root file[    6.443723] EXT4-fs (sda1): mounted filesystem with ordered data mode. Opts: (null)
 system
done.
Begin: Running /scripts/local-bottom ... done.
Begin: Running /scripts/init-bottom ... done.
[    6.629000] ip_tables: (C) 2000-2006 Netfilter Core Team
[    6.643255] systemd[1]: systemd 237 running in system mode. (+PAM +AUDIT +SELINUX +IMA +APPARMOR +SMACK +SYSVINIT +UTMP +LIBCRYPTSETUP +GCRYPT +GNUTLS +ACL +XZ +LZ4 +SECCOMP +BLKID +ELFUTILS +KMOD -IDN2 +IDN -PCRE2 default-hierarchy=hybrid)
[    6.727870] systemd[1]: Detected virtualization oracle.
[    6.751540] systemd[1]: Detected architecture x86-64.

Welcome to [1mUbuntu 18.04.1 LTS[0m!

[    6.781296] systemd[1]: Set hostname to <ubuntu>.
[    6.796505] systemd[1]: Initializing machine ID from random generator.
[    6.798134] systemd[1]: Installed transient /etc/machine-id file.
[    7.015553] systemd[1]: Reached target Swap.
[[0;32m  OK  [0m] Reached target Swap.
[    7.019425] systemd[1]: Set up automount Arbitrary Executable File Formats File System Automount Point.
[[0;32m  OK  [0m] Set up automount Arbitrary Executab…rmats File System Automount Point.
[    7.058771] systemd[1]: Reached target System Time Synchronized.
[[0;32m  OK  [0m] Reached target System Time Synchronized.
[    7.065535] systemd[1]: Reached target User and Group Name Lookups.
[[0;32m  OK  [0m] Reached target User and Group Name Lookups.
[[0;32m  OK  [0m] Created slice User and Session Slice.
[[0;32m  OK  [0m] Created slice System Slice.
[[0;32m  OK  [0m] Listening on LVM2 metadata daemon socket.
[[0;32m  OK  [0m] Listening on Device-mapper event daemon FIFOs.
[[0;32m  OK  [0m] Listening on Journal Socket.
         Mounting Huge Pages File System...
[[0;32m  OK  [0m] Listening on /dev/initctl Compatibility Named Pipe.
         Starting Create list of required st…ce nodes for the current kernel...
[[0;32m  OK  [0m] Reached target Slices.
[[0;32m  OK  [0m] Listening on udev Kernel Socket.
         Starting Remount Root and Kernel File Systems...
         Starting Uncomplicated firewall...
[    7.130673] EXT4-fs (sda1): re-mounted. Opts: (null)
         Starting Monitoring of LVM2 mirrors…ng dmeventd or progress polling...
[[0;32m  OK  [0m] Listening on Syslog Socket.
         Starting Set the console keyboard layout...
         Mounting POSIX Message Queue File System...
         Starting Load Kernel Modules...
[[0;32m  OK  [0m] Listening on udev Control Socket.
         [    7.200091] Loading iSCSI transport class v2.0-870.
Starting udev Coldplug all Devices...
[[0;32m  OK  [0m] Listening on [    7.234517] iscsi: registered transport (tcp)
Journal Audit Socket.
[[0;32m  OK  [0m] Listening on LVM2 poll daemon[    7.282384] iscsi: registered transport (iser)
 socket.
         Mounting Kernel Debug File System...
[[0;32m  OK  [0m] Started Forward Password Requests to Wall Directory Watch.
[[0;32m  OK  [0m] Listening on Network Service Netlink Socket.
[[0;32m  OK  [0m] Listening on Journal Socket (/dev/log).
         Starting Journal Service...
[[0;32m  OK  [0m] Created slice system-serial\x2dgetty.slice.
[[0;32m  OK  [0m] Mounted Huge Pages File System.
[[0;32m  OK  [0m] Started Journal Service.
[[0;32m  OK  [0m] Started Create list of required sta…vice nodes for the current kernel.
[[0;32m  OK  [0m] Started Remount Root and Kernel File Systems.
[[0;32m  OK  [0m] Started Uncomplicated firewall.
[[0;32m  OK  [0m] Started Set the console keyboard layout.
[[0;32m  OK  [0m] Mounted POSIX Message Queue File System.
[[0;32m  OK  [0m] Started Load Kernel Modules.
[[0;32m  OK  [0m] Mounted Kernel Debug File System.
[[0;32m  OK  [0m] Started LVM2 metadata daemon.
         Mounting Kernel Configuration File System...
         Starting Apply Kernel Variables...
         Mounting FUSE Control File System...
         Starting Initial cloud-init job (pre-networking)...
         Starting Load/Save Random Seed...
         Starting Create Static Device Nodes in /dev...
         Starting Flush Journal to Persistent Storage...
[[0;32m  OK  [0m] Started Monitoring of LVM2 mirrors,…sing dmeventd or progress polling.
[[0;32m  OK  [0m] Started udev Coldplug all Devices.
[[0;32m  OK  [0m] Mounted Kernel Configuration File System.
[[0;32m  OK  [0m] Started Apply Kernel Variables.
[[0;32m  OK  [0m] Mounted FUSE Control File System.
[[0;32m  OK  [0m] Started Load/Save Random Seed.
[[0;32m  OK  [0m] Started Create Static Device Nodes in /dev.
         Starting udev Kernel Device Manager...
[[0;32m  OK  [0m] Reached target Local File Systems (Pre).
[[0;32m  OK  [0m] Reached target Local File Systems.
         Starting AppArmor initialization...
         Starting Tell Plymouth To Write Out Runtime Data...
         Starting ebtables ruleset management...
         Starting Commit a transient machine-id on disk...
         Starting Set console font and keymap...
[[0;32m  OK  [0m] Started udev Kernel Device Manager.
[[0;32m  OK  [0m] Started Tell Plymouth To Write Out Runtime Data.
[[0;32m  OK  [0m] Started Dispatch Password Requests to Console Directory Watch.
[[0;32m  OK  [0m] Reached target Local Encrypted Volumes.
[[0;32m  OK  [0m] Started Set console font and keymap.
[[0;32m  OK  [0m] Started Commit a transient machine-id on disk.
[[0;32m  OK  [0m] Started Flush Journal to Persistent Storage.
[[0;32m  OK  [0m] Started ebtables ruleset management.
         Starting Create Volatile Files and Directories...
[[0;32m  OK  [0m] Started Create Volatile Files and Directories.
         Starting Update UTMP about System Boot/Shutdown...
[[0;32m  OK  [0m] Started Update UTMP about System Boot/Shutdown.
[[0;32m  OK  [0m] Found device /dev/ttyS0.
[[0;32m  OK  [0m] Listening on Load/Save RF Kill Switch Status /dev/rfkill Watch.
[    9.984180] cloud-init[400]: Cloud-init v. 18.3-9-g2e62cb8a-0ubuntu1~18.04.2 running 'init-local' at Sun, 25 Nov 2018 18:20:06 +0000. Up 9.18 seconds.
[[0;32m  OK  [0m] Started Initial cloud-init job (pre-networking).
[[0;32m  OK  [0m] Reached target Network (Pre).
         Starting Network Service...
[[0;32m  OK  [0m] Started Network Service.
         Starting Network Name Resolution...
         Starting Wait for Network to be Configured...
[[0;32m  OK  [0m] Started Network Name Resolution.
[[0;32m  OK  [0m] Reached target Host and Network Name Lookups.
[[0;32m  OK  [0m] Reached target Network.
[[0;32m  OK  [0m] Started AppArmor initialization.
[[0;32m  OK  [0m] Started Wait for Network to be Configured.
         Starting Initial cloud-init job (metadata service crawler)...
[   13.222923] cloud-init[608]: Cloud-init v. 18.3-9-g2e62cb8a-0ubuntu1~18.04.2 running 'init' at Sun, 25 Nov 2018 18:20:09 +0000. Up 12.06 seconds.
[   13.232485] cloud-init[608]: ci-info: ++++++++++++++++++++++++++++++++++++++Net device info++++++++++++++++++++++++++++++++++++++
[   13.236148] cloud-init[608]: ci-info: +--------+-------+---------------------------+---------------+--------+-------------------+
[   13.241208] cloud-init[608]: ci-info: | Device |   Up  |          Address          |      Mask     | Scope  |     Hw-Address    |
[   13.245991] cloud-init[608]: ci-info: +--------+-------+---------------------------+---------------+--------+-------------------+
[   13.251527] cloud-init[608]: ci-info: | enp0s3 |  True |         10.0.2.15         | 255.255.255.0 | global | 02:7c:eb:a0:02:29 |
[   13.258954] cloud-init[608]: ci-info: | enp0s3 |  True | fe80::7c:ebff:fea0:229/64 |       .       |  link  | 02:7c:eb:a0:02:29 |
[   13.268216] cloud-init[608]: ci-info: | enp0s8 | False |             .             |       .       |   .    | 08:00:27:d2:23:60 |
[   13.276220] cloud-init[608]: ci-info: |   lo   |  True |         127.0.0.1         |   255.0.0.0   |  host  |         .         |
[   13.284517] cloud-init[608]: ci-info: |   lo   |  True |          ::1/128          |       .       |  host  |         .         |
[[0;32m  OK  [0m] Started Initial cloud-init job (metadata service crawler).
[[0;32m  OK  [0m] Reached target System Initialization.
         Starting Socket activation for snappy daemon.
[   13.343809] cloud-init[608]: ci-info: +--------+-------+---------------------------+---------------+--------+-------------------+
[[   13.372639] cloud-init[608]: ci-info: ++++++++++++++++++++++++++++Route IPv4 info+++++++++++++++++++++++++++++
[0;32m  OK  [0m] Started Daily apt download activities.
[[0;32m  OK  [0m] Listening on D-Bus System Message Bus Socket.
[[0;32m  OK  [0m] Started Daily Cleanup of Temporary Directories.
[   13.378306] cloud-init[608]: ci-info: +-------+-------------+----------+-----------------+-----------+-------+[[0;32m  OK  [0m] Started ACPI Events Check.
[[0;32m  OK  [0m] Listening on UUID daemon activation socket.
[[0;32m  OK  [0m] Started Message of the Day.
[[0;32m  OK  [0m] Reached target Paths.
[[0;32m  OK  [0m] Listening on Open-iSCSI iscsid Socket.
[[0;32m  OK  [0m] Started Discard unused blocks once a week.
[[0;32m  OK  [0m] Listening on ACPID Listen Socket.
[[0;32m  OK  [0m] Started Daily apt upgrade and clean activities.
[[0;32m  OK  [0m] Reached target Timers.

         Starting LXD - unix socket.[   13.428619] cloud-init[608]: ci-info: | Route | Destination | Gateway  |     Genmask     | Interface | Flags |
[   13.431485] cloud-init[608]: ci-info: +-------+-------------+----------+-----------------+-----------+-------+
[   13.431532] cloud-init[608]: ci-info: |   0   |   0.0.0.0   | 10.0.2.2 |     0.0.0.0     |   enp0s3  |   UG  |
[   13.431570] cloud-init[608]: ci-info: |   1   |   10.0.2.0  | 0.0.0.0  |  255.255.255.0  |   enp0s3  |   U   |
[   13.431610] cloud-init[608]: ci-info: |   2   |   10.0.2.2  | 0.0.0.0  | 255.255.255.255 |   enp0s3  |   UH  |
[   13.431662] cloud-init[608]: ci-info: +-------+-------------+----------+-----------------+-----------+-------+
[   13.431729] cloud-init[608]: ci-info: +++++++++++++++++++Route IPv6 info+++++++++++++++++++
[   13.431771] cloud-init[608]: ci-info: +-------+-------------+---------+-----------+-------+
[   13.431832] cloud-init[608]: ci-info: | Route | Destination | Gateway | Interface | Flags |
[   13.431905] cloud-init[608]: ci-info: +-------+-------------+---------+-----------+-------+
[   13.432086] cloud-init[608]: ci-info: |   1   |  fe80::/64  |    ::   |   enp0s3  |   U   |
[   13.432138] cloud-init[608]: ci-info: |   3   |    local    |    ::   |   enp0s3  |   U   |
[   13.432181] cloud-init[608]: ci-info: |   4   |   ff00::/8  |    ::   |   enp0s3  |   U   |

[[0;32m  OK  [0m] Reached target Network is Online.
[   13.434193] cloud-init         Starting Availability of block devices...
[608]: ci-info: +-------+-------------+---------+-----------+-------+
[   13.545489] cloud-init[608]: Generating public/private rsa key pair.
[   13.545582] cloud-init[608]: Your identification has been saved in /etc/ssh/ssh_host_rsa_key.
[   13.545650] cloud-init[608]: Your public key has been saved in /etc/ssh/ssh_host_rsa_key.pub.
[   13.545738] cloud-init[608]: The key fingerprint is:
[   13.545795] cloud-init[608]: SHA256:90jBlVBMwjcwfI2wNdoD5RW55ZXSwm9FL81pC0bBuDc root@ubuntu-bionic
[   13.545843] cloud-init[608]: The key's randomart image is:
[   13.545932] cloud-init[608]: +---[RSA 2048]----+
[   13.546000] cloud-init[608]: |         oBO@*=+o|
[   13.546042] cloud-init[608]: |         .o%OBo=*|
[   13.546120] cloud-init[608]: |          =o=+=**|
[   13.546161] cloud-init[608]: |           o.E++o|
[   13.546221] cloud-init[608]: |        S o . o. |
[   13.546284] cloud-init[608]: |         o o     |
[   13.546337] cloud-init[608]: |          . .    |
[   13.546378] cloud-init[608]: |                 |
[   13.546467] cloud-init[608]: |                 |
[   13.546509] cloud-init[608]: +----[SHA256]-----+
[   13.546577] cloud-init[608]: Generating public/private dsa key pair.
[   13.546620] cloud-init[608]: Your identification has been saved in /etc/ssh/ssh_host_dsa_key.
[   13.546681] cloud-init[608]: Your public key has been saved in /etc/ssh/ssh_host_dsa_key.pub.
[   13.546829] cloud-init[608]: The key fingerprint is:
[   13.546871] cloud-init[608]: SHA256:3sHY5J48c1op08eRO5LgoQ3S6RZM0ITTmnoaucO9D1g root@ubuntu-bionic
[   13.546909] cloud-init[608]: The key's randomart image is:
[   13.546971] cloud-init[608]: +---[DSA 1024]----+
[   13.547009] cloud-init[608]: |      .=.        |
[   13.547041] cloud-init[608]: |      o.o        |
[   13.547091] cloud-init[608]: |       +. .      |
[   13.547137] cloud-init[608]: |      o+ B     . |
[   13.547172] cloud-init[608]: |     oE S B   o  |
[   13.547206] cloud-init[608]: |    +o.+ X * + o |
[   13.547280] cloud-init[608]: |   ..*. = % B =  |
[   13.547326] cloud-init[608]: |    = .o   O o . |
[   13.547360] cloud-init[608]: |     ..o. .      |
[   13.547419] cloud-init[608]: +----[SHA256]-----+
[   13.547455] cloud-init[608]: Generating public/private ecdsa key pair.
[   13.547489] cloud-init[608]: Your identification has been saved in /etc/ssh/ssh_host_ecdsa_key.
[   13.547527] cloud-init[608]: Your public key has been saved in /etc/ssh/ssh_host_ecdsa_key.pub.
[   13.547575] cloud-init[608]: The key fingerprint is:
[   13.547610] cloud-init[608]: SHA256:c/k+wsVsrCh3yCPzRJya92MbYoV6WJJjaLY2JWmPMVY root@ubuntu-bionic
[   13.547644] cloud-init[608]: The key's randomart image is:
[   13.547790] cloud-init[608]: +---[ECDSA 256]---+
[   13.547876] cloud-init[608]: |                 |
[   13.547922] cloud-init[608]: |                 |
[   13.547992] cloud-init[608]: |      E          |
[   13.548042] cloud-init[608]: |     + o o .     |
[   13.548086] cloud-init[608]: |    @ * S ++     |
[   13.548125] cloud-init[608]: |   = X X + .*    |
[   13.548156] cloud-init[608]: |    = *.*+.+.    |
[   13.548187] cloud-init[608]: |   . .+=*oBo.    |
[   13.548243] cloud-init[608]: |       *.+o+..   |
[   13.548292] cloud-init[608]: +----[SHA256]-----+
[   13.548325] cloud-init[608]: Generating public/private ed25519 key pair.
[   13.548371] cloud-init[608]: Your identification has been saved in /etc/ssh/ssh_host_ed25519_key.
[   13.548407] cloud-init[608]: Your public key has been saved in /etc/ssh/ssh_host_ed25519_key.pub.
[   13.548442] cloud-init[608]: The key fingerprint is:
[[0;32m  OK  [0m] Reached target Remote File Systems (Pre).
[[0;32m  OK  [0m] Reached target Remote File Systems.
[[0;32m  OK  [0m] Reached target Cloud-config availability.
[   13.557537] cloud-init[608]: SHA256:m3u4wvdgf0fGCYDf2GtckBJijM3/dFdi7TvjQOwPpIo root@ubuntu-bionic[[0;32m  OK  [0m] Listening on Socket activation for snappy daemon.
[
[   13.740591] cloud-init[608]: The key's randomart image is:
[   13.742711] cloud-init[608]: +--[ED25519 256]--+[0;32m  OK  [0m] Listening on LXD - unix socket.
[[0;32m  OK  [0m] Started Availability of block devices.
[   13.749300] cloud-init[608]: |       =o... . . |
[   13.751246] cloud-init[608]: |      ..=.o o o o|
[   13.751301] cloud-init[608]: |         o *.o o.|
[   13.751340] cloud-init[608]: |          + =+o o|
[   13.751383] cloud-init[608]: |        S  +=* o.|
[   13.751420] cloud-init[608]: |         o .=+=+ |
[   13.751478] cloud-init[608]: |     .  *... o= o|
[   13.751534] cloud-init[608]: |      oEo=. . .o |
[   13.751615] cloud-init[608]: |       oo+o. .   |
[   13.751665] cloud-init[608]: +----[SHA256]-----+

[[0;32m  OK  [0m] Reached target Sockets.
[[0;32m  OK  [0m] Reached target Basic System.
         Starting Login Service...
         Starting Accounts Service...
[[0;32m  OK  [0m] Started Deferred execution scheduler.
[[0;32m  OK  [0m] Started Unattended Upgrades Shutdown.
         Starting LSB: Record successful boot for GRUB...
[[0;32m  OK  [0m] Started FUSE filesystem for LXC.
         Starting LSB: automatic crash report generation...
         Starting Snappy daemon...
[[0;32m  OK  [0m] Started D-Bus System Message Bus.
[[0;32m  OK  [0m] Started Login Service.
         Starting Virtualbox guest utils...
         Starting LXD - container startup/shutdown...
         Starting Pollinate to seed the pseudo random number generator...
[[0;32m  OK  [0m] Started Regular background program processing daemon.
         Starting Dispatcher daemon for systemd-networkd...
         Starting Permit User Sessions...
         Starting System Logging Service...
[[0;32m  OK  [0m] Started irqbalance daemon.
[[0;32m  OK  [0m] Started System Logging Service.
[[0;32m  OK  [0m] Started Snappy daemon.
[[0;32m  OK  [0m] Started LXD - container startup/shutdown.
[[0;32m  OK  [0m] Started Permit User Sessions.
         Starting Authorization Manager...
         Starting Terminate Plymouth Boot Screen...
         Starting Hold until boot process finishes up...
         Starting Wait until snapd is fully seeded...
[[0;32m  OK  [0m] Started Terminate Plymouth Boot Screen.
[[0;32m  OK  [0m] Started Hold until boot process finishes up.
[[0;32m  OK  [0m] Started Serial Getty on ttyS0.
         Starting Set console scheme...
[[0;32m  OK  [0m] Started LSB: Record successful boot for GRUB.
[[0;32m  OK  [0m] Started LSB: automatic crash report generation.
[[0;32m  OK  [0m] Started Authorization Manager.
[[0;32m  OK  [0m] Started Accounts Service.
[[0;32m  OK  [0m] Started Set console scheme.
[[0;32m  OK  [0m] Created slice system-getty.slice.
[[0;32m  OK  [0m] Started Getty on tty1.
[[0;32m  OK  [0m] Reached target Login Prompts.
[[0;32m  OK  [0m] Started Virtualbox guest utils.
[[0;32m  OK  [0m] Started Dispatcher daemon for systemd-networkd.
[[0;32m  OK  [0m] Started Pollinate to seed the pseudo random number generator.
         Starting OpenBSD Secure Shell server...
[[0;32m  OK  [0m] Started OpenBSD Secure Shell server.
[[0;32m  OK  [0m] Created slice User Slice of vagrant.
         Starting User Manager for UID 1000...
[[0;32m  OK  [0m] Started Session 1 of user vagrant.
[[0;32m  OK  [0m] Started User Manager for UID 1000.
[[0;32m  OK  [0m] Started Wait until snapd is fully seeded.
[[0;32m  OK  [0m] Reached target Multi-User System.
[[0;32m  OK  [0m] Reached target Graphical Interface.
         Starting Update UTMP about System Runlevel Changes...
         Starting Apply the settings specified in cloud-config...
[[0;32m  OK  [0m] Started Update UTMP about System Runlevel Changes.
[   19.181364] cloud-init[1085]: Cloud-init v. 18.3-9-g2e62cb8a-0ubuntu1~18.04.2 running 'modules:config' at Sun, 25 Nov 2018 18:20:16 +0000. Up 18.45 seconds.
[[0;32m  OK  [0m] Started Apply the settings specified in cloud-config.
         Starting Execute cloud user/final scripts...
         Stopping User Manager for UID 1000...
[[0;32m  OK  [0m] Stopped User Manager for UID 1000.
[[0;32m  OK  [0m] Removed slice User Slice of vagrant.
ci-info: no authorized ssh keys fingerprints found for user ubuntu.
<14>Nov 25 18:20:17 ec2: 
<14>Nov 25 18:20:17 ec2: #############################################################
<14>Nov 25 18:20:17 ec2: -----BEGIN SSH HOST KEY FINGERPRINTS-----
<14>Nov 25 18:20:17 ec2: 1024 SHA256:3sHY5J48c1op08eRO5LgoQ3S6RZM0ITTmnoaucO9D1g root@ubuntu-bionic (DSA)
<14>Nov 25 18:20:17 ec2: 256 SHA256:c/k+wsVsrCh3yCPzRJya92MbYoV6WJJjaLY2JWmPMVY root@ubuntu-bionic (ECDSA)
<14>Nov 25 18:20:17 ec2: 256 SHA256:m3u4wvdgf0fGCYDf2GtckBJijM3/dFdi7TvjQOwPpIo root@ubuntu-bionic (ED25519)
<14>Nov 25 18:20:17 ec2: 2048 SHA256:90jBlVBMwjcwfI2wNdoD5RW55ZXSwm9FL81pC0bBuDc root@ubuntu-bionic (RSA)
<14>Nov 25 18:20:17 ec2: -----END SSH HOST KEY FINGERPRINTS-----
<14>Nov 25 18:20:17 ec2: #############################################################
-----BEGIN SSH HOST KEY KEYS-----
ecdsa-sha2-nistp256 AAAAE2VjZHNhLXNoYTItbmlzdHAyNTYAAAAIbmlzdHAyNTYAAABBBL8vPbvAuvnWx9THk1GTRwSZiuFu5/ieHx+F3PGmJl3zQQEG2ea8o4+ehZlk/YEvi3TjoG4QZdm3N2ljPJ0pHy0= root@ubuntu-bionic
ssh-ed25519 AAAAC3NzaC1lZDI1NTE5AAAAIGsHYWpSZc/grknfmPmmWNbKZfkIaVW52qb7v1V2tLqP root@ubuntu-bionic
ssh-rsa AAAAB3NzaC1yc2EAAAADAQABAAABAQDjUqLrCcRMLtIUwM/iiA9YyPQgzZGTL1QqubSbuP+9aPiV8a+EEP3pteMogT99dunzZKlILpzBXwmxdYjxmQrkXu1yE0qsvogj4kW0H48aP3xZrYgNSyUQNADWagFyisy8xXHpYTbtCKAhmbI/7ZP5+HNiJKqpenRvIOSMF0IBOyAjBhHWMePns4jJ9LygfEeffPh2+NzKWHOyU9nN6O5VBDh+ThPGcoDdGqQHzZwJfHXjGVNjdru+gea5lxFz2p1QETds1Uv4Q6WgDUzG+xPoZauT2ByifG0gvsInOuboQ7GEmceoxG3VB1Hbl9BSfp0mm5h1AfPDALBxZ2ebxON5 root@ubuntu-bionic
-----END SSH HOST KEY KEYS-----
[   20.325287] cloud-init[1261]: Cloud-init v. 18.3-9-g2e62cb8a-0ubuntu1~18.04.2 running 'modules:final' at Sun, 25 Nov 2018 18:20:17 +0000. Up 19.97 seconds.
[   20.325394] cloud-init[1261]: ci-info: no authorized ssh keys fingerprints found for user ubuntu.
[   20.325437] cloud-init[1261]: Cloud-init v. 18.3-9-g2e62cb8a-0ubuntu1~18.04.2 finished at Sun, 25 Nov 2018 18:20:17 +0000. Datasource DataSourceNoCloud [seed=/dev/sdb][dsmode=net].  Up 20.30 seconds

Ubuntu 18.04.1 LTS ubuntu-bionic ttyS0

ubuntu-bionic login: 